{"C:\\Users\\Anthony Wu\\Documents\\20240708-JAVA-SDET\\project1\\boardgameinventory-react\\src\\App.jsx": {"path":"C:\\Users\\Anthony Wu\\Documents\\20240708-JAVA-SDET\\project1\\boardgameinventory-react\\src\\App.jsx","statementMap":{"0":{"start":{"line":18,"column":2},"end":{"line":32,"column":3}}},"fnMap":{"0":{"name":"App","decl":{"start":{"line":15,"column":9},"end":{"line":15,"column":12}},"loc":{"start":{"line":15,"column":15},"end":{"line":33,"column":1}},"line":15}},"branchMap":{},"s":{"0":0},"f":{"0":0},"b":{}}
,"C:\\Users\\Anthony Wu\\Documents\\20240708-JAVA-SDET\\project1\\boardgameinventory-react\\src\\main.jsx": {"path":"C:\\Users\\Anthony Wu\\Documents\\20240708-JAVA-SDET\\project1\\boardgameinventory-react\\src\\main.jsx","statementMap":{"0":{"start":{"line":6,"column":0},"end":{"line":10,"column":1}}},"fnMap":{},"branchMap":{},"s":{"0":0},"f":{},"b":{}}
,"C:\\Users\\Anthony Wu\\Documents\\20240708-JAVA-SDET\\project1\\boardgameinventory-react\\src\\components\\BoardGames.jsx": {"path":"C:\\Users\\Anthony Wu\\Documents\\20240708-JAVA-SDET\\project1\\boardgameinventory-react\\src\\components\\BoardGames.jsx","statementMap":{"0":{"start":{"line":5,"column":22},"end":{"line":159,"column":1}},"1":{"start":{"line":6,"column":40},"end":{"line":6,"column":52}},"2":{"start":{"line":7,"column":28},"end":{"line":7,"column":40}},"3":{"start":{"line":8,"column":38},"end":{"line":8,"column":50}},"4":{"start":{"line":9,"column":52},"end":{"line":9,"column":64}},"5":{"start":{"line":10,"column":30},"end":{"line":10,"column":44}},"6":{"start":{"line":11,"column":34},"end":{"line":11,"column":49}},"7":{"start":{"line":12,"column":52},"end":{"line":12,"column":64}},"8":{"start":{"line":13,"column":36},"end":{"line":13,"column":51}},"9":{"start":{"line":16,"column":4},"end":{"line":29,"column":11}},"10":{"start":{"line":17,"column":32},"end":{"line":26,"column":9}},"11":{"start":{"line":24,"column":25},"end":{"line":24,"column":46}},"12":{"start":{"line":25,"column":12},"end":{"line":25,"column":32}},"13":{"start":{"line":28,"column":8},"end":{"line":28,"column":26}},"14":{"start":{"line":32,"column":34},"end":{"line":42,"column":5}},"15":{"start":{"line":33,"column":29},"end":{"line":33,"column":66}},"16":{"start":{"line":34,"column":8},"end":{"line":41,"column":9}},"17":{"start":{"line":35,"column":12},"end":{"line":35,"column":48}},"18":{"start":{"line":36,"column":25},"end":{"line":36,"column":46}},"19":{"start":{"line":37,"column":12},"end":{"line":37,"column":32}},"20":{"start":{"line":38,"column":12},"end":{"line":38,"column":31}},"21":{"start":{"line":40,"column":12},"end":{"line":40,"column":36}},"22":{"start":{"line":45,"column":34},"end":{"line":61,"column":5}},"23":{"start":{"line":46,"column":8},"end":{"line":46,"column":66}},"24":{"start":{"line":48,"column":30},"end":{"line":50,"column":9}},"25":{"start":{"line":51,"column":8},"end":{"line":59,"column":9}},"26":{"start":{"line":52,"column":12},"end":{"line":58,"column":13}},"27":{"start":{"line":53,"column":16},"end":{"line":53,"column":52}},"28":{"start":{"line":54,"column":29},"end":{"line":54,"column":50}},"29":{"start":{"line":55,"column":16},"end":{"line":55,"column":36}},"30":{"start":{"line":57,"column":16},"end":{"line":57,"column":40}},"31":{"start":{"line":64,"column":32},"end":{"line":71,"column":5}},"32":{"start":{"line":65,"column":8},"end":{"line":65,"column":25}},"33":{"start":{"line":66,"column":8},"end":{"line":66,"column":39}},"34":{"start":{"line":67,"column":8},"end":{"line":67,"column":32}},"35":{"start":{"line":68,"column":8},"end":{"line":68,"column":42}},"36":{"start":{"line":69,"column":8},"end":{"line":69,"column":56}},"37":{"start":{"line":70,"column":8},"end":{"line":70,"column":26}},"38":{"start":{"line":73,"column":34},"end":{"line":88,"column":5}},"39":{"start":{"line":74,"column":33},"end":{"line":74,"column":91}},"40":{"start":{"line":75,"column":8},"end":{"line":87,"column":9}},"41":{"start":{"line":76,"column":12},"end":{"line":76,"column":52}},"42":{"start":{"line":77,"column":25},"end":{"line":77,"column":46}},"43":{"start":{"line":78,"column":12},"end":{"line":78,"column":32}},"44":{"start":{"line":79,"column":12},"end":{"line":79,"column":30}},"45":{"start":{"line":80,"column":12},"end":{"line":80,"column":36}},"46":{"start":{"line":81,"column":12},"end":{"line":81,"column":24}},"47":{"start":{"line":82,"column":12},"end":{"line":82,"column":29}},"48":{"start":{"line":83,"column":12},"end":{"line":83,"column":35}},"49":{"start":{"line":84,"column":12},"end":{"line":84,"column":31}},"50":{"start":{"line":86,"column":12},"end":{"line":86,"column":36}},"51":{"start":{"line":90,"column":23},"end":{"line":96,"column":5}},"52":{"start":{"line":91,"column":8},"end":{"line":91,"column":26}},"53":{"start":{"line":92,"column":8},"end":{"line":92,"column":31}},"54":{"start":{"line":93,"column":8},"end":{"line":93,"column":20}},"55":{"start":{"line":94,"column":8},"end":{"line":94,"column":25}},"56":{"start":{"line":95,"column":8},"end":{"line":95,"column":32}},"57":{"start":{"line":98,"column":4},"end":{"line":158,"column":6}},"58":{"start":{"line":112,"column":41},"end":{"line":112,"column":64}},"59":{"start":{"line":119,"column":41},"end":{"line":119,"column":69}},"60":{"start":{"line":126,"column":41},"end":{"line":126,"column":76}},"61":{"start":{"line":144,"column":24},"end":{"line":152,"column":29}},"62":{"start":{"line":149,"column":74},"end":{"line":149,"column":119}},"63":{"start":{"line":150,"column":72},"end":{"line":150,"column":102}}},"fnMap":{"0":{"name":"(anonymous_0)","decl":{"start":{"line":5,"column":22},"end":{"line":5,"column":23}},"loc":{"start":{"line":5,"column":28},"end":{"line":159,"column":1}},"line":5},"1":{"name":"(anonymous_1)","decl":{"start":{"line":16,"column":14},"end":{"line":16,"column":15}},"loc":{"start":{"line":16,"column":20},"end":{"line":29,"column":5}},"line":16},"2":{"name":"(anonymous_2)","decl":{"start":{"line":17,"column":32},"end":{"line":17,"column":33}},"loc":{"start":{"line":17,"column":44},"end":{"line":26,"column":9}},"line":17},"3":{"name":"(anonymous_3)","decl":{"start":{"line":32,"column":34},"end":{"line":32,"column":35}},"loc":{"start":{"line":32,"column":46},"end":{"line":42,"column":5}},"line":32},"4":{"name":"(anonymous_4)","decl":{"start":{"line":45,"column":34},"end":{"line":45,"column":35}},"loc":{"start":{"line":45,"column":58},"end":{"line":61,"column":5}},"line":45},"5":{"name":"(anonymous_5)","decl":{"start":{"line":64,"column":32},"end":{"line":64,"column":33}},"loc":{"start":{"line":64,"column":47},"end":{"line":71,"column":5}},"line":64},"6":{"name":"(anonymous_6)","decl":{"start":{"line":73,"column":34},"end":{"line":73,"column":35}},"loc":{"start":{"line":73,"column":46},"end":{"line":88,"column":5}},"line":73},"7":{"name":"(anonymous_7)","decl":{"start":{"line":90,"column":23},"end":{"line":90,"column":24}},"loc":{"start":{"line":90,"column":29},"end":{"line":96,"column":5}},"line":90},"8":{"name":"(anonymous_8)","decl":{"start":{"line":112,"column":34},"end":{"line":112,"column":35}},"loc":{"start":{"line":112,"column":41},"end":{"line":112,"column":64}},"line":112},"9":{"name":"(anonymous_9)","decl":{"start":{"line":119,"column":34},"end":{"line":119,"column":35}},"loc":{"start":{"line":119,"column":41},"end":{"line":119,"column":69}},"line":119},"10":{"name":"(anonymous_10)","decl":{"start":{"line":126,"column":34},"end":{"line":126,"column":35}},"loc":{"start":{"line":126,"column":41},"end":{"line":126,"column":76}},"line":126},"11":{"name":"(anonymous_11)","decl":{"start":{"line":143,"column":36},"end":{"line":143,"column":37}},"loc":{"start":{"line":144,"column":24},"end":{"line":152,"column":29}},"line":144},"12":{"name":"(anonymous_12)","decl":{"start":{"line":149,"column":68},"end":{"line":149,"column":69}},"loc":{"start":{"line":149,"column":74},"end":{"line":149,"column":119}},"line":149},"13":{"name":"(anonymous_13)","decl":{"start":{"line":150,"column":66},"end":{"line":150,"column":67}},"loc":{"start":{"line":150,"column":72},"end":{"line":150,"column":102}},"line":150}},"branchMap":{"0":{"loc":{"start":{"line":51,"column":8},"end":{"line":59,"column":9}},"type":"if","locations":[{"start":{"line":51,"column":8},"end":{"line":59,"column":9}},{"start":{},"end":{}}],"line":51},"1":{"loc":{"start":{"line":100,"column":13},"end":{"line":100,"column":54}},"type":"binary-expr","locations":[{"start":{"line":100,"column":13},"end":{"line":100,"column":18}},{"start":{"line":100,"column":22},"end":{"line":100,"column":54}}],"line":100},"2":{"loc":{"start":{"line":102,"column":17},"end":{"line":102,"column":55}},"type":"cond-expr","locations":[{"start":{"line":102,"column":28},"end":{"line":102,"column":36}},{"start":{"line":102,"column":39},"end":{"line":102,"column":55}}],"line":102},"3":{"loc":{"start":{"line":104,"column":13},"end":{"line":132,"column":13}},"type":"binary-expr","locations":[{"start":{"line":104,"column":13},"end":{"line":104,"column":21}},{"start":{"line":105,"column":16},"end":{"line":131,"column":22}}],"line":104},"4":{"loc":{"start":{"line":106,"column":41},"end":{"line":106,"column":87}},"type":"cond-expr","locations":[{"start":{"line":106,"column":51},"end":{"line":106,"column":68}},{"start":{"line":106,"column":71},"end":{"line":106,"column":87}}],"line":106},"5":{"loc":{"start":{"line":128,"column":61},"end":{"line":128,"column":116}},"type":"cond-expr","locations":[{"start":{"line":128,"column":71},"end":{"line":128,"column":92}},{"start":{"line":128,"column":95},"end":{"line":128,"column":116}}],"line":128},"6":{"loc":{"start":{"line":129,"column":25},"end":{"line":129,"column":54}},"type":"cond-expr","locations":[{"start":{"line":129,"column":35},"end":{"line":129,"column":43}},{"start":{"line":129,"column":46},"end":{"line":129,"column":54}}],"line":129}},"s":{"0":1,"1":16,"2":16,"3":16,"4":16,"5":16,"6":16,"7":16,"8":16,"9":16,"10":4,"11":4,"12":4,"13":4,"14":16,"15":1,"16":1,"17":1,"18":1,"19":1,"20":1,"21":0,"22":16,"23":1,"24":1,"25":1,"26":1,"27":1,"28":1,"29":1,"30":0,"31":16,"32":1,"33":1,"34":1,"35":1,"36":1,"37":1,"38":16,"39":1,"40":1,"41":1,"42":1,"43":1,"44":1,"45":1,"46":1,"47":1,"48":1,"49":1,"50":0,"51":16,"52":1,"53":1,"54":1,"55":1,"56":1,"57":16,"58":2,"59":1,"60":1,"61":16,"62":1,"63":1},"f":{"0":16,"1":4,"2":4,"3":1,"4":1,"5":1,"6":1,"7":1,"8":2,"9":1,"10":1,"11":16,"12":1,"13":1},"b":{"0":[1,0],"1":[16,0],"2":[6,10],"3":[16,6],"4":[2,4],"5":[2,4],"6":[2,4]},"_coverageSchema":"1a1c01bbd47fc00a2c39e90264f33305004495a9","hash":"4a7550fec60d9feee9d0aff3904b88096a3dfadb"}
,"C:\\Users\\Anthony Wu\\Documents\\20240708-JAVA-SDET\\project1\\boardgameinventory-react\\src\\components\\Card.jsx": {"path":"C:\\Users\\Anthony Wu\\Documents\\20240708-JAVA-SDET\\project1\\boardgameinventory-react\\src\\components\\Card.jsx","statementMap":{"0":{"start":{"line":6,"column":13},"end":{"line":34,"column":1}},"1":{"start":{"line":7,"column":23},"end":{"line":21,"column":3}},"2":{"start":{"line":9,"column":26},"end":{"line":11,"column":5}},"3":{"start":{"line":12,"column":4},"end":{"line":19,"column":5}},"4":{"start":{"line":13,"column":6},"end":{"line":18,"column":7}},"5":{"start":{"line":14,"column":8},"end":{"line":14,"column":54}},"6":{"start":{"line":15,"column":8},"end":{"line":15,"column":41}},"7":{"start":{"line":17,"column":8},"end":{"line":17,"column":58}},"8":{"start":{"line":22,"column":2},"end":{"line":33,"column":4}}},"fnMap":{"0":{"name":"(anonymous_0)","decl":{"start":{"line":6,"column":13},"end":{"line":6,"column":14}},"loc":{"start":{"line":6,"column":42},"end":{"line":34,"column":1}},"line":6},"1":{"name":"(anonymous_1)","decl":{"start":{"line":7,"column":23},"end":{"line":7,"column":24}},"loc":{"start":{"line":7,"column":35},"end":{"line":21,"column":3}},"line":7}},"branchMap":{"0":{"loc":{"start":{"line":12,"column":4},"end":{"line":19,"column":5}},"type":"if","locations":[{"start":{"line":12,"column":4},"end":{"line":19,"column":5}},{"start":{},"end":{}}],"line":12}},"s":{"0":0,"1":0,"2":0,"3":0,"4":0,"5":0,"6":0,"7":0,"8":0},"f":{"0":0,"1":0},"b":{"0":[0,0]}}
,"C:\\Users\\Anthony Wu\\Documents\\20240708-JAVA-SDET\\project1\\boardgameinventory-react\\src\\components\\Inventory.jsx": {"path":"C:\\Users\\Anthony Wu\\Documents\\20240708-JAVA-SDET\\project1\\boardgameinventory-react\\src\\components\\Inventory.jsx","statementMap":{"0":{"start":{"line":5,"column":22},"end":{"line":134,"column":1}},"1":{"start":{"line":6,"column":38},"end":{"line":6,"column":50}},"2":{"start":{"line":7,"column":28},"end":{"line":7,"column":40}},"3":{"start":{"line":8,"column":46},"end":{"line":8,"column":58}},"4":{"start":{"line":9,"column":56},"end":{"line":9,"column":68}},"5":{"start":{"line":10,"column":34},"end":{"line":10,"column":49}},"6":{"start":{"line":11,"column":38},"end":{"line":11,"column":50}},"7":{"start":{"line":12,"column":52},"end":{"line":12,"column":64}},"8":{"start":{"line":13,"column":36},"end":{"line":13,"column":51}},"9":{"start":{"line":14,"column":30},"end":{"line":14,"column":44}},"10":{"start":{"line":17,"column":4},"end":{"line":28,"column":11}},"11":{"start":{"line":18,"column":31},"end":{"line":25,"column":9}},"12":{"start":{"line":19,"column":12},"end":{"line":24,"column":13}},"13":{"start":{"line":20,"column":29},"end":{"line":20,"column":49}},"14":{"start":{"line":21,"column":16},"end":{"line":21,"column":35}},"15":{"start":{"line":23,"column":16},"end":{"line":23,"column":40}},"16":{"start":{"line":27,"column":8},"end":{"line":27,"column":25}},"17":{"start":{"line":31,"column":34},"end":{"line":42,"column":5}},"18":{"start":{"line":32,"column":30},"end":{"line":32,"column":95}},"19":{"start":{"line":33,"column":8},"end":{"line":41,"column":9}},"20":{"start":{"line":34,"column":12},"end":{"line":40,"column":13}},"21":{"start":{"line":35,"column":16},"end":{"line":35,"column":52}},"22":{"start":{"line":36,"column":29},"end":{"line":36,"column":49}},"23":{"start":{"line":37,"column":16},"end":{"line":37,"column":35}},"24":{"start":{"line":39,"column":16},"end":{"line":39,"column":40}},"25":{"start":{"line":45,"column":32},"end":{"line":53,"column":5}},"26":{"start":{"line":46,"column":8},"end":{"line":46,"column":25}},"27":{"start":{"line":47,"column":8},"end":{"line":47,"column":39}},"28":{"start":{"line":48,"column":8},"end":{"line":48,"column":42}},"29":{"start":{"line":49,"column":8},"end":{"line":49,"column":51}},"30":{"start":{"line":50,"column":8},"end":{"line":50,"column":52}},"31":{"start":{"line":51,"column":8},"end":{"line":51,"column":60}},"32":{"start":{"line":52,"column":8},"end":{"line":52,"column":26}},"33":{"start":{"line":55,"column":34},"end":{"line":71,"column":5}},"34":{"start":{"line":56,"column":33},"end":{"line":56,"column":93}},"35":{"start":{"line":57,"column":8},"end":{"line":70,"column":9}},"36":{"start":{"line":58,"column":12},"end":{"line":58,"column":52}},"37":{"start":{"line":59,"column":25},"end":{"line":59,"column":45}},"38":{"start":{"line":60,"column":12},"end":{"line":60,"column":31}},"39":{"start":{"line":61,"column":12},"end":{"line":61,"column":30}},"40":{"start":{"line":62,"column":12},"end":{"line":62,"column":36}},"41":{"start":{"line":63,"column":12},"end":{"line":63,"column":24}},"42":{"start":{"line":64,"column":12},"end":{"line":64,"column":33}},"43":{"start":{"line":65,"column":12},"end":{"line":65,"column":29}},"44":{"start":{"line":66,"column":12},"end":{"line":66,"column":37}},"45":{"start":{"line":67,"column":12},"end":{"line":67,"column":31}},"46":{"start":{"line":69,"column":12},"end":{"line":69,"column":36}},"47":{"start":{"line":73,"column":23},"end":{"line":80,"column":5}},"48":{"start":{"line":74,"column":8},"end":{"line":74,"column":26}},"49":{"start":{"line":75,"column":8},"end":{"line":75,"column":31}},"50":{"start":{"line":76,"column":8},"end":{"line":76,"column":20}},"51":{"start":{"line":77,"column":8},"end":{"line":77,"column":29}},"52":{"start":{"line":78,"column":8},"end":{"line":78,"column":25}},"53":{"start":{"line":79,"column":8},"end":{"line":79,"column":34}},"54":{"start":{"line":82,"column":4},"end":{"line":133,"column":6}},"55":{"start":{"line":95,"column":41},"end":{"line":95,"column":78}},"56":{"start":{"line":118,"column":24},"end":{"line":128,"column":29}},"57":{"start":{"line":125,"column":74},"end":{"line":125,"column":119}},"58":{"start":{"line":126,"column":72},"end":{"line":126,"column":102}}},"fnMap":{"0":{"name":"(anonymous_0)","decl":{"start":{"line":5,"column":22},"end":{"line":5,"column":23}},"loc":{"start":{"line":5,"column":28},"end":{"line":134,"column":1}},"line":5},"1":{"name":"(anonymous_1)","decl":{"start":{"line":17,"column":14},"end":{"line":17,"column":15}},"loc":{"start":{"line":17,"column":20},"end":{"line":28,"column":5}},"line":17},"2":{"name":"(anonymous_2)","decl":{"start":{"line":18,"column":31},"end":{"line":18,"column":32}},"loc":{"start":{"line":18,"column":43},"end":{"line":25,"column":9}},"line":18},"3":{"name":"(anonymous_3)","decl":{"start":{"line":31,"column":34},"end":{"line":31,"column":35}},"loc":{"start":{"line":31,"column":58},"end":{"line":42,"column":5}},"line":31},"4":{"name":"(anonymous_4)","decl":{"start":{"line":45,"column":32},"end":{"line":45,"column":33}},"loc":{"start":{"line":45,"column":47},"end":{"line":53,"column":5}},"line":45},"5":{"name":"(anonymous_5)","decl":{"start":{"line":55,"column":34},"end":{"line":55,"column":35}},"loc":{"start":{"line":55,"column":46},"end":{"line":71,"column":5}},"line":55},"6":{"name":"(anonymous_6)","decl":{"start":{"line":73,"column":23},"end":{"line":73,"column":24}},"loc":{"start":{"line":73,"column":29},"end":{"line":80,"column":5}},"line":73},"7":{"name":"(anonymous_7)","decl":{"start":{"line":95,"column":34},"end":{"line":95,"column":35}},"loc":{"start":{"line":95,"column":41},"end":{"line":95,"column":78}},"line":95},"8":{"name":"(anonymous_8)","decl":{"start":{"line":117,"column":35},"end":{"line":117,"column":36}},"loc":{"start":{"line":118,"column":24},"end":{"line":128,"column":29}},"line":118},"9":{"name":"(anonymous_9)","decl":{"start":{"line":125,"column":68},"end":{"line":125,"column":69}},"loc":{"start":{"line":125,"column":74},"end":{"line":125,"column":119}},"line":125},"10":{"name":"(anonymous_10)","decl":{"start":{"line":126,"column":66},"end":{"line":126,"column":67}},"loc":{"start":{"line":126,"column":72},"end":{"line":126,"column":102}},"line":126}},"branchMap":{"0":{"loc":{"start":{"line":33,"column":8},"end":{"line":41,"column":9}},"type":"if","locations":[{"start":{"line":33,"column":8},"end":{"line":41,"column":9}},{"start":{},"end":{}}],"line":33},"1":{"loc":{"start":{"line":85,"column":13},"end":{"line":85,"column":47}},"type":"binary-expr","locations":[{"start":{"line":85,"column":13},"end":{"line":85,"column":18}},{"start":{"line":85,"column":22},"end":{"line":85,"column":47}}],"line":85},"2":{"loc":{"start":{"line":86,"column":13},"end":{"line":104,"column":13}},"type":"binary-expr","locations":[{"start":{"line":86,"column":13},"end":{"line":86,"column":21}},{"start":{"line":87,"column":16},"end":{"line":103,"column":22}}],"line":86}},"s":{"0":0,"1":0,"2":0,"3":0,"4":0,"5":0,"6":0,"7":0,"8":0,"9":0,"10":0,"11":0,"12":0,"13":0,"14":0,"15":0,"16":0,"17":0,"18":0,"19":0,"20":0,"21":0,"22":0,"23":0,"24":0,"25":0,"26":0,"27":0,"28":0,"29":0,"30":0,"31":0,"32":0,"33":0,"34":0,"35":0,"36":0,"37":0,"38":0,"39":0,"40":0,"41":0,"42":0,"43":0,"44":0,"45":0,"46":0,"47":0,"48":0,"49":0,"50":0,"51":0,"52":0,"53":0,"54":0,"55":0,"56":0,"57":0,"58":0},"f":{"0":0,"1":0,"2":0,"3":0,"4":0,"5":0,"6":0,"7":0,"8":0,"9":0,"10":0},"b":{"0":[0,0],"1":[0,0],"2":[0,0]}}
,"C:\\Users\\Anthony Wu\\Documents\\20240708-JAVA-SDET\\project1\\boardgameinventory-react\\src\\components\\JoinTable.jsx": {"path":"C:\\Users\\Anthony Wu\\Documents\\20240708-JAVA-SDET\\project1\\boardgameinventory-react\\src\\components\\JoinTable.jsx","statementMap":{"0":{"start":{"line":5,"column":18},"end":{"line":54,"column":1}},"1":{"start":{"line":6,"column":17},"end":{"line":6,"column":28}},"2":{"start":{"line":7,"column":44},"end":{"line":7,"column":56}},"3":{"start":{"line":8,"column":28},"end":{"line":8,"column":42}},"4":{"start":{"line":10,"column":2},"end":{"line":30,"column":11}},"5":{"start":{"line":11,"column":31},"end":{"line":27,"column":5}},"6":{"start":{"line":12,"column":6},"end":{"line":12,"column":38}},"7":{"start":{"line":13,"column":6},"end":{"line":26,"column":7}},"8":{"start":{"line":14,"column":25},"end":{"line":14,"column":94}},"9":{"start":{"line":15,"column":8},"end":{"line":18,"column":9}},"10":{"start":{"line":16,"column":10},"end":{"line":16,"column":77}},"11":{"start":{"line":17,"column":10},"end":{"line":17,"column":57}},"12":{"start":{"line":20,"column":21},"end":{"line":20,"column":42}},"13":{"start":{"line":22,"column":8},"end":{"line":22,"column":58}},"14":{"start":{"line":24,"column":8},"end":{"line":24,"column":45}},"15":{"start":{"line":25,"column":8},"end":{"line":25,"column":32}},"16":{"start":{"line":29,"column":4},"end":{"line":29,"column":25}},"17":{"start":{"line":32,"column":2},"end":{"line":53,"column":4}},"18":{"start":{"line":45,"column":12},"end":{"line":48,"column":17}}},"fnMap":{"0":{"name":"(anonymous_0)","decl":{"start":{"line":5,"column":18},"end":{"line":5,"column":19}},"loc":{"start":{"line":5,"column":24},"end":{"line":54,"column":1}},"line":5},"1":{"name":"(anonymous_1)","decl":{"start":{"line":10,"column":12},"end":{"line":10,"column":13}},"loc":{"start":{"line":10,"column":18},"end":{"line":30,"column":3}},"line":10},"2":{"name":"(anonymous_2)","decl":{"start":{"line":11,"column":31},"end":{"line":11,"column":32}},"loc":{"start":{"line":11,"column":43},"end":{"line":27,"column":5}},"line":11},"3":{"name":"(anonymous_3)","decl":{"start":{"line":44,"column":29},"end":{"line":44,"column":30}},"loc":{"start":{"line":45,"column":12},"end":{"line":48,"column":17}},"line":45}},"branchMap":{"0":{"loc":{"start":{"line":15,"column":8},"end":{"line":18,"column":9}},"type":"if","locations":[{"start":{"line":15,"column":8},"end":{"line":18,"column":9}},{"start":{},"end":{}}],"line":15},"1":{"loc":{"start":{"line":22,"column":25},"end":{"line":22,"column":56}},"type":"cond-expr","locations":[{"start":{"line":22,"column":47},"end":{"line":22,"column":51}},{"start":{"line":22,"column":54},"end":{"line":22,"column":56}}],"line":22},"2":{"loc":{"start":{"line":35,"column":7},"end":{"line":35,"column":41}},"type":"binary-expr","locations":[{"start":{"line":35,"column":7},"end":{"line":35,"column":12}},{"start":{"line":35,"column":16},"end":{"line":35,"column":41}}],"line":35}},"s":{"0":0,"1":0,"2":0,"3":0,"4":0,"5":0,"6":0,"7":0,"8":0,"9":0,"10":0,"11":0,"12":0,"13":0,"14":0,"15":0,"16":0,"17":0,"18":0},"f":{"0":0,"1":0,"2":0,"3":0},"b":{"0":[0,0],"1":[0,0],"2":[0,0]}}
,"C:\\Users\\Anthony Wu\\Documents\\20240708-JAVA-SDET\\project1\\boardgameinventory-react\\src\\components\\Navbar.jsx": {"path":"C:\\Users\\Anthony Wu\\Documents\\20240708-JAVA-SDET\\project1\\boardgameinventory-react\\src\\components\\Navbar.jsx","statementMap":{"0":{"start":{"line":6,"column":4},"end":{"line":17,"column":5}}},"fnMap":{"0":{"name":"Navbar","decl":{"start":{"line":5,"column":24},"end":{"line":5,"column":30}},"loc":{"start":{"line":5,"column":32},"end":{"line":18,"column":1}},"line":5}},"branchMap":{},"s":{"0":0},"f":{"0":0},"b":{}}
,"C:\\Users\\Anthony Wu\\Documents\\20240708-JAVA-SDET\\project1\\boardgameinventory-react\\src\\components\\Orders.jsx": {"path":"C:\\Users\\Anthony Wu\\Documents\\20240708-JAVA-SDET\\project1\\boardgameinventory-react\\src\\components\\Orders.jsx","statementMap":{"0":{"start":{"line":7,"column":15},"end":{"line":108,"column":1}},"1":{"start":{"line":8,"column":40},"end":{"line":8,"column":52}},"2":{"start":{"line":9,"column":40},"end":{"line":9,"column":52}},"3":{"start":{"line":10,"column":54},"end":{"line":10,"column":66}},"4":{"start":{"line":11,"column":54},"end":{"line":11,"column":66}},"5":{"start":{"line":12,"column":30},"end":{"line":12,"column":44}},"6":{"start":{"line":13,"column":48},"end":{"line":13,"column":60}},"7":{"start":{"line":16,"column":4},"end":{"line":27,"column":11}},"8":{"start":{"line":17,"column":32},"end":{"line":24,"column":9}},"9":{"start":{"line":18,"column":12},"end":{"line":23,"column":13}},"10":{"start":{"line":19,"column":29},"end":{"line":19,"column":50}},"11":{"start":{"line":20,"column":16},"end":{"line":20,"column":36}},"12":{"start":{"line":22,"column":16},"end":{"line":22,"column":40}},"13":{"start":{"line":26,"column":8},"end":{"line":26,"column":26}},"14":{"start":{"line":30,"column":4},"end":{"line":41,"column":11}},"15":{"start":{"line":31,"column":32},"end":{"line":38,"column":9}},"16":{"start":{"line":32,"column":12},"end":{"line":37,"column":13}},"17":{"start":{"line":33,"column":29},"end":{"line":33,"column":50}},"18":{"start":{"line":34,"column":16},"end":{"line":34,"column":36}},"19":{"start":{"line":36,"column":16},"end":{"line":36,"column":40}},"20":{"start":{"line":40,"column":8},"end":{"line":40,"column":26}},"21":{"start":{"line":44,"column":25},"end":{"line":66,"column":5}},"22":{"start":{"line":45,"column":8},"end":{"line":45,"column":31}},"23":{"start":{"line":47,"column":8},"end":{"line":50,"column":9}},"24":{"start":{"line":48,"column":12},"end":{"line":48,"column":73}},"25":{"start":{"line":49,"column":12},"end":{"line":49,"column":19}},"26":{"start":{"line":52,"column":8},"end":{"line":65,"column":9}},"27":{"start":{"line":53,"column":26},"end":{"line":56,"column":13}},"28":{"start":{"line":57,"column":12},"end":{"line":57,"column":37}},"29":{"start":{"line":58,"column":12},"end":{"line":58,"column":37}},"30":{"start":{"line":59,"column":12},"end":{"line":59,"column":37}},"31":{"start":{"line":60,"column":12},"end":{"line":60,"column":27}},"32":{"start":{"line":61,"column":12},"end":{"line":61,"column":47}},"33":{"start":{"line":63,"column":12},"end":{"line":63,"column":36}},"34":{"start":{"line":64,"column":12},"end":{"line":64,"column":34}},"35":{"start":{"line":68,"column":4},"end":{"line":107,"column":6}},"36":{"start":{"line":79,"column":41},"end":{"line":79,"column":77}},"37":{"start":{"line":83,"column":28},"end":{"line":85,"column":37}},"38":{"start":{"line":94,"column":41},"end":{"line":94,"column":77}},"39":{"start":{"line":98,"column":28},"end":{"line":100,"column":37}}},"fnMap":{"0":{"name":"(anonymous_0)","decl":{"start":{"line":7,"column":15},"end":{"line":7,"column":16}},"loc":{"start":{"line":7,"column":21},"end":{"line":108,"column":1}},"line":7},"1":{"name":"(anonymous_1)","decl":{"start":{"line":16,"column":14},"end":{"line":16,"column":15}},"loc":{"start":{"line":16,"column":20},"end":{"line":27,"column":5}},"line":16},"2":{"name":"(anonymous_2)","decl":{"start":{"line":17,"column":32},"end":{"line":17,"column":33}},"loc":{"start":{"line":17,"column":44},"end":{"line":24,"column":9}},"line":17},"3":{"name":"(anonymous_3)","decl":{"start":{"line":30,"column":14},"end":{"line":30,"column":15}},"loc":{"start":{"line":30,"column":20},"end":{"line":41,"column":5}},"line":30},"4":{"name":"(anonymous_4)","decl":{"start":{"line":31,"column":32},"end":{"line":31,"column":33}},"loc":{"start":{"line":31,"column":44},"end":{"line":38,"column":9}},"line":31},"5":{"name":"(anonymous_5)","decl":{"start":{"line":44,"column":25},"end":{"line":44,"column":26}},"loc":{"start":{"line":44,"column":42},"end":{"line":66,"column":5}},"line":44},"6":{"name":"(anonymous_6)","decl":{"start":{"line":79,"column":34},"end":{"line":79,"column":35}},"loc":{"start":{"line":79,"column":41},"end":{"line":79,"column":77}},"line":79},"7":{"name":"(anonymous_7)","decl":{"start":{"line":82,"column":40},"end":{"line":82,"column":41}},"loc":{"start":{"line":83,"column":28},"end":{"line":85,"column":37}},"line":83},"8":{"name":"(anonymous_8)","decl":{"start":{"line":94,"column":34},"end":{"line":94,"column":35}},"loc":{"start":{"line":94,"column":41},"end":{"line":94,"column":77}},"line":94},"9":{"name":"(anonymous_9)","decl":{"start":{"line":97,"column":40},"end":{"line":97,"column":41}},"loc":{"start":{"line":98,"column":28},"end":{"line":100,"column":37}},"line":98}},"branchMap":{"0":{"loc":{"start":{"line":47,"column":8},"end":{"line":50,"column":9}},"type":"if","locations":[{"start":{"line":47,"column":8},"end":{"line":50,"column":9}},{"start":{},"end":{}}],"line":47},"1":{"loc":{"start":{"line":47,"column":12},"end":{"line":47,"column":52}},"type":"binary-expr","locations":[{"start":{"line":47,"column":12},"end":{"line":47,"column":30}},{"start":{"line":47,"column":34},"end":{"line":47,"column":52}}],"line":47},"2":{"loc":{"start":{"line":71,"column":13},"end":{"line":71,"column":54}},"type":"binary-expr","locations":[{"start":{"line":71,"column":13},"end":{"line":71,"column":18}},{"start":{"line":71,"column":22},"end":{"line":71,"column":54}}],"line":71},"3":{"loc":{"start":{"line":72,"column":13},"end":{"line":72,"column":74}},"type":"binary-expr","locations":[{"start":{"line":72,"column":13},"end":{"line":72,"column":27}},{"start":{"line":72,"column":31},"end":{"line":72,"column":74}}],"line":72}},"s":{"0":0,"1":0,"2":0,"3":0,"4":0,"5":0,"6":0,"7":0,"8":0,"9":0,"10":0,"11":0,"12":0,"13":0,"14":0,"15":0,"16":0,"17":0,"18":0,"19":0,"20":0,"21":0,"22":0,"23":0,"24":0,"25":0,"26":0,"27":0,"28":0,"29":0,"30":0,"31":0,"32":0,"33":0,"34":0,"35":0,"36":0,"37":0,"38":0,"39":0},"f":{"0":0,"1":0,"2":0,"3":0,"4":0,"5":0,"6":0,"7":0,"8":0,"9":0},"b":{"0":[0,0],"1":[0,0],"2":[0,0],"3":[0,0]}}
,"C:\\Users\\Anthony Wu\\Documents\\20240708-JAVA-SDET\\project1\\boardgameinventory-react\\src\\components\\OrdersList.jsx": {"path":"C:\\Users\\Anthony Wu\\Documents\\20240708-JAVA-SDET\\project1\\boardgameinventory-react\\src\\components\\OrdersList.jsx","statementMap":{"0":{"start":{"line":6,"column":19},"end":{"line":55,"column":1}},"1":{"start":{"line":8,"column":32},"end":{"line":8,"column":44}},"2":{"start":{"line":9,"column":30},"end":{"line":9,"column":44}},"3":{"start":{"line":12,"column":4},"end":{"line":23,"column":11}},"4":{"start":{"line":13,"column":28},"end":{"line":20,"column":9}},"5":{"start":{"line":14,"column":12},"end":{"line":19,"column":13}},"6":{"start":{"line":15,"column":29},"end":{"line":15,"column":46}},"7":{"start":{"line":16,"column":16},"end":{"line":16,"column":32}},"8":{"start":{"line":18,"column":16},"end":{"line":18,"column":40}},"9":{"start":{"line":22,"column":8},"end":{"line":22,"column":22}},"10":{"start":{"line":26,"column":4},"end":{"line":53,"column":6}},"11":{"start":{"line":42,"column":24},"end":{"line":48,"column":29}}},"fnMap":{"0":{"name":"(anonymous_0)","decl":{"start":{"line":6,"column":19},"end":{"line":6,"column":20}},"loc":{"start":{"line":6,"column":25},"end":{"line":55,"column":1}},"line":6},"1":{"name":"(anonymous_1)","decl":{"start":{"line":12,"column":14},"end":{"line":12,"column":15}},"loc":{"start":{"line":12,"column":20},"end":{"line":23,"column":5}},"line":12},"2":{"name":"(anonymous_2)","decl":{"start":{"line":13,"column":28},"end":{"line":13,"column":29}},"loc":{"start":{"line":13,"column":40},"end":{"line":20,"column":9}},"line":13},"3":{"name":"(anonymous_3)","decl":{"start":{"line":41,"column":32},"end":{"line":41,"column":33}},"loc":{"start":{"line":42,"column":24},"end":{"line":48,"column":29}},"line":42}},"branchMap":{"0":{"loc":{"start":{"line":29,"column":13},"end":{"line":29,"column":47}},"type":"binary-expr","locations":[{"start":{"line":29,"column":13},"end":{"line":29,"column":18}},{"start":{"line":29,"column":22},"end":{"line":29,"column":47}}],"line":29}},"s":{"0":0,"1":0,"2":0,"3":0,"4":0,"5":0,"6":0,"7":0,"8":0,"9":0,"10":0,"11":0},"f":{"0":0,"1":0,"2":0,"3":0},"b":{"0":[0,0]}}
,"C:\\Users\\Anthony Wu\\Documents\\20240708-JAVA-SDET\\project1\\boardgameinventory-react\\src\\components\\Warehouses.jsx": {"path":"C:\\Users\\Anthony Wu\\Documents\\20240708-JAVA-SDET\\project1\\boardgameinventory-react\\src\\components\\Warehouses.jsx","statementMap":{"0":{"start":{"line":6,"column":22},"end":{"line":91,"column":1}},"1":{"start":{"line":7,"column":39},"end":{"line":7,"column":51}},"2":{"start":{"line":8,"column":28},"end":{"line":8,"column":40}},"3":{"start":{"line":9,"column":36},"end":{"line":9,"column":48}},"4":{"start":{"line":10,"column":38},"end":{"line":10,"column":50}},"5":{"start":{"line":11,"column":30},"end":{"line":11,"column":44}},"6":{"start":{"line":12,"column":36},"end":{"line":12,"column":51}},"7":{"start":{"line":15,"column":4},"end":{"line":26,"column":11}},"8":{"start":{"line":16,"column":32},"end":{"line":23,"column":9}},"9":{"start":{"line":17,"column":12},"end":{"line":22,"column":13}},"10":{"start":{"line":18,"column":29},"end":{"line":18,"column":50}},"11":{"start":{"line":19,"column":16},"end":{"line":19,"column":35}},"12":{"start":{"line":21,"column":16},"end":{"line":21,"column":40}},"13":{"start":{"line":25,"column":8},"end":{"line":25,"column":26}},"14":{"start":{"line":29,"column":34},"end":{"line":42,"column":5}},"15":{"start":{"line":30,"column":29},"end":{"line":30,"column":61}},"16":{"start":{"line":31,"column":8},"end":{"line":41,"column":9}},"17":{"start":{"line":32,"column":12},"end":{"line":32,"column":48}},"18":{"start":{"line":33,"column":25},"end":{"line":33,"column":46}},"19":{"start":{"line":34,"column":12},"end":{"line":34,"column":31}},"20":{"start":{"line":35,"column":12},"end":{"line":35,"column":31}},"21":{"start":{"line":36,"column":12},"end":{"line":36,"column":24}},"22":{"start":{"line":37,"column":12},"end":{"line":37,"column":27}},"23":{"start":{"line":38,"column":12},"end":{"line":38,"column":28}},"24":{"start":{"line":40,"column":12},"end":{"line":40,"column":36}},"25":{"start":{"line":45,"column":34},"end":{"line":48,"column":5}},"26":{"start":{"line":46,"column":8},"end":{"line":46,"column":38}},"27":{"start":{"line":47,"column":8},"end":{"line":47,"column":84}},"28":{"start":{"line":47,"column":52},"end":{"line":47,"column":81}},"29":{"start":{"line":50,"column":23},"end":{"line":52,"column":5}},"30":{"start":{"line":51,"column":8},"end":{"line":51,"column":31}},"31":{"start":{"line":54,"column":4},"end":{"line":90,"column":6}},"32":{"start":{"line":67,"column":41},"end":{"line":67,"column":64}},"33":{"start":{"line":74,"column":41},"end":{"line":74,"column":68}},"34":{"start":{"line":82,"column":20},"end":{"line":86,"column":18}}},"fnMap":{"0":{"name":"(anonymous_0)","decl":{"start":{"line":6,"column":22},"end":{"line":6,"column":23}},"loc":{"start":{"line":6,"column":28},"end":{"line":91,"column":1}},"line":6},"1":{"name":"(anonymous_1)","decl":{"start":{"line":15,"column":14},"end":{"line":15,"column":15}},"loc":{"start":{"line":15,"column":20},"end":{"line":26,"column":5}},"line":15},"2":{"name":"(anonymous_2)","decl":{"start":{"line":16,"column":32},"end":{"line":16,"column":33}},"loc":{"start":{"line":16,"column":44},"end":{"line":23,"column":9}},"line":16},"3":{"name":"(anonymous_3)","decl":{"start":{"line":29,"column":34},"end":{"line":29,"column":35}},"loc":{"start":{"line":29,"column":46},"end":{"line":42,"column":5}},"line":29},"4":{"name":"(anonymous_4)","decl":{"start":{"line":45,"column":34},"end":{"line":45,"column":35}},"loc":{"start":{"line":45,"column":42},"end":{"line":48,"column":5}},"line":45},"5":{"name":"(anonymous_5)","decl":{"start":{"line":47,"column":39},"end":{"line":47,"column":40}},"loc":{"start":{"line":47,"column":52},"end":{"line":47,"column":81}},"line":47},"6":{"name":"(anonymous_6)","decl":{"start":{"line":50,"column":23},"end":{"line":50,"column":24}},"loc":{"start":{"line":50,"column":29},"end":{"line":52,"column":5}},"line":50},"7":{"name":"(anonymous_7)","decl":{"start":{"line":67,"column":34},"end":{"line":67,"column":35}},"loc":{"start":{"line":67,"column":41},"end":{"line":67,"column":64}},"line":67},"8":{"name":"(anonymous_8)","decl":{"start":{"line":74,"column":34},"end":{"line":74,"column":35}},"loc":{"start":{"line":74,"column":41},"end":{"line":74,"column":68}},"line":74},"9":{"name":"(anonymous_9)","decl":{"start":{"line":81,"column":32},"end":{"line":81,"column":33}},"loc":{"start":{"line":82,"column":20},"end":{"line":86,"column":18}},"line":82}},"branchMap":{"0":{"loc":{"start":{"line":57,"column":17},"end":{"line":57,"column":54}},"type":"cond-expr","locations":[{"start":{"line":57,"column":28},"end":{"line":57,"column":36}},{"start":{"line":57,"column":39},"end":{"line":57,"column":54}}],"line":57},"1":{"loc":{"start":{"line":59,"column":13},"end":{"line":78,"column":13}},"type":"binary-expr","locations":[{"start":{"line":59,"column":13},"end":{"line":59,"column":21}},{"start":{"line":60,"column":16},"end":{"line":77,"column":22}}],"line":59},"2":{"loc":{"start":{"line":79,"column":13},"end":{"line":79,"column":47}},"type":"binary-expr","locations":[{"start":{"line":79,"column":13},"end":{"line":79,"column":18}},{"start":{"line":79,"column":22},"end":{"line":79,"column":47}}],"line":79}},"s":{"0":0,"1":0,"2":0,"3":0,"4":0,"5":0,"6":0,"7":0,"8":0,"9":0,"10":0,"11":0,"12":0,"13":0,"14":0,"15":0,"16":0,"17":0,"18":0,"19":0,"20":0,"21":0,"22":0,"23":0,"24":0,"25":0,"26":0,"27":0,"28":0,"29":0,"30":0,"31":0,"32":0,"33":0,"34":0},"f":{"0":0,"1":0,"2":0,"3":0,"4":0,"5":0,"6":0,"7":0,"8":0,"9":0},"b":{"0":[0,0],"1":[0,0],"2":[0,0]}}
,"C:\\Users\\Anthony Wu\\Documents\\20240708-JAVA-SDET\\project1\\boardgameinventory-react\\src\\services\\boardgameApi.jsx": {"path":"C:\\Users\\Anthony Wu\\Documents\\20240708-JAVA-SDET\\project1\\boardgameinventory-react\\src\\services\\boardgameApi.jsx","statementMap":{"0":{"start":{"line":2,"column":26},"end":{"line":2,"column":124}},"1":{"start":{"line":5,"column":29},"end":{"line":11,"column":1}},"2":{"start":{"line":6,"column":21},"end":{"line":6,"column":51}},"3":{"start":{"line":7,"column":4},"end":{"line":9,"column":5}},"4":{"start":{"line":8,"column":8},"end":{"line":8,"column":55}},"5":{"start":{"line":10,"column":4},"end":{"line":10,"column":33}},"6":{"start":{"line":13,"column":31},"end":{"line":25,"column":1}},"7":{"start":{"line":14,"column":21},"end":{"line":20,"column":6}},"8":{"start":{"line":21,"column":4},"end":{"line":23,"column":5}},"9":{"start":{"line":22,"column":8},"end":{"line":22,"column":55}},"10":{"start":{"line":24,"column":4},"end":{"line":24,"column":33}},"11":{"start":{"line":27,"column":31},"end":{"line":34,"column":1}},"12":{"start":{"line":28,"column":21},"end":{"line":30,"column":6}},"13":{"start":{"line":31,"column":4},"end":{"line":33,"column":5}},"14":{"start":{"line":32,"column":8},"end":{"line":32,"column":55}},"15":{"start":{"line":36,"column":31},"end":{"line":48,"column":1}},"16":{"start":{"line":37,"column":21},"end":{"line":43,"column":6}},"17":{"start":{"line":44,"column":4},"end":{"line":46,"column":5}},"18":{"start":{"line":45,"column":8},"end":{"line":45,"column":55}},"19":{"start":{"line":47,"column":4},"end":{"line":47,"column":33}}},"fnMap":{"0":{"name":"(anonymous_0)","decl":{"start":{"line":5,"column":29},"end":{"line":5,"column":30}},"loc":{"start":{"line":5,"column":41},"end":{"line":11,"column":1}},"line":5},"1":{"name":"(anonymous_1)","decl":{"start":{"line":13,"column":31},"end":{"line":13,"column":32}},"loc":{"start":{"line":13,"column":52},"end":{"line":25,"column":1}},"line":13},"2":{"name":"(anonymous_2)","decl":{"start":{"line":27,"column":31},"end":{"line":27,"column":32}},"loc":{"start":{"line":27,"column":45},"end":{"line":34,"column":1}},"line":27},"3":{"name":"(anonymous_3)","decl":{"start":{"line":36,"column":31},"end":{"line":36,"column":32}},"loc":{"start":{"line":36,"column":52},"end":{"line":48,"column":1}},"line":36}},"branchMap":{"0":{"loc":{"start":{"line":7,"column":4},"end":{"line":9,"column":5}},"type":"if","locations":[{"start":{"line":7,"column":4},"end":{"line":9,"column":5}},{"start":{},"end":{}}],"line":7},"1":{"loc":{"start":{"line":21,"column":4},"end":{"line":23,"column":5}},"type":"if","locations":[{"start":{"line":21,"column":4},"end":{"line":23,"column":5}},{"start":{},"end":{}}],"line":21},"2":{"loc":{"start":{"line":31,"column":4},"end":{"line":33,"column":5}},"type":"if","locations":[{"start":{"line":31,"column":4},"end":{"line":33,"column":5}},{"start":{},"end":{}}],"line":31},"3":{"loc":{"start":{"line":44,"column":4},"end":{"line":46,"column":5}},"type":"if","locations":[{"start":{"line":44,"column":4},"end":{"line":46,"column":5}},{"start":{},"end":{}}],"line":44}},"s":{"0":1,"1":1,"2":0,"3":0,"4":0,"5":0,"6":1,"7":0,"8":0,"9":0,"10":0,"11":1,"12":0,"13":0,"14":0,"15":1,"16":0,"17":0,"18":0,"19":0},"f":{"0":0,"1":0,"2":0,"3":0},"b":{"0":[0,0],"1":[0,0],"2":[0,0],"3":[0,0]},"_coverageSchema":"1a1c01bbd47fc00a2c39e90264f33305004495a9","hash":"c3b34c0e31dfac9e16a43fafb6efb419face05a8"}
,"C:\\Users\\Anthony Wu\\Documents\\20240708-JAVA-SDET\\project1\\boardgameinventory-react\\src\\services\\inventoryApi.jsx": {"path":"C:\\Users\\Anthony Wu\\Documents\\20240708-JAVA-SDET\\project1\\boardgameinventory-react\\src\\services\\inventoryApi.jsx","statementMap":{"0":{"start":{"line":1,"column":26},"end":{"line":1,"column":123}},"1":{"start":{"line":4,"column":28},"end":{"line":10,"column":1}},"2":{"start":{"line":5,"column":21},"end":{"line":5,"column":51}},"3":{"start":{"line":6,"column":4},"end":{"line":8,"column":5}},"4":{"start":{"line":7,"column":8},"end":{"line":7,"column":55}},"5":{"start":{"line":9,"column":4},"end":{"line":9,"column":33}},"6":{"start":{"line":12,"column":31},"end":{"line":24,"column":1}},"7":{"start":{"line":13,"column":21},"end":{"line":19,"column":6}},"8":{"start":{"line":20,"column":4},"end":{"line":22,"column":5}},"9":{"start":{"line":21,"column":8},"end":{"line":21,"column":55}},"10":{"start":{"line":23,"column":4},"end":{"line":23,"column":33}},"11":{"start":{"line":26,"column":31},"end":{"line":33,"column":1}},"12":{"start":{"line":27,"column":21},"end":{"line":29,"column":6}},"13":{"start":{"line":30,"column":4},"end":{"line":32,"column":5}},"14":{"start":{"line":31,"column":8},"end":{"line":31,"column":55}},"15":{"start":{"line":35,"column":31},"end":{"line":47,"column":1}},"16":{"start":{"line":36,"column":21},"end":{"line":42,"column":6}},"17":{"start":{"line":43,"column":4},"end":{"line":45,"column":5}},"18":{"start":{"line":44,"column":8},"end":{"line":44,"column":55}},"19":{"start":{"line":46,"column":4},"end":{"line":46,"column":33}}},"fnMap":{"0":{"name":"(anonymous_0)","decl":{"start":{"line":4,"column":28},"end":{"line":4,"column":29}},"loc":{"start":{"line":4,"column":38},"end":{"line":10,"column":1}},"line":4},"1":{"name":"(anonymous_1)","decl":{"start":{"line":12,"column":31},"end":{"line":12,"column":32}},"loc":{"start":{"line":12,"column":52},"end":{"line":24,"column":1}},"line":12},"2":{"name":"(anonymous_2)","decl":{"start":{"line":26,"column":31},"end":{"line":26,"column":32}},"loc":{"start":{"line":26,"column":45},"end":{"line":33,"column":1}},"line":26},"3":{"name":"(anonymous_3)","decl":{"start":{"line":35,"column":31},"end":{"line":35,"column":32}},"loc":{"start":{"line":35,"column":52},"end":{"line":47,"column":1}},"line":35}},"branchMap":{"0":{"loc":{"start":{"line":6,"column":4},"end":{"line":8,"column":5}},"type":"if","locations":[{"start":{"line":6,"column":4},"end":{"line":8,"column":5}},{"start":{},"end":{}}],"line":6},"1":{"loc":{"start":{"line":20,"column":4},"end":{"line":22,"column":5}},"type":"if","locations":[{"start":{"line":20,"column":4},"end":{"line":22,"column":5}},{"start":{},"end":{}}],"line":20},"2":{"loc":{"start":{"line":30,"column":4},"end":{"line":32,"column":5}},"type":"if","locations":[{"start":{"line":30,"column":4},"end":{"line":32,"column":5}},{"start":{},"end":{}}],"line":30},"3":{"loc":{"start":{"line":43,"column":4},"end":{"line":45,"column":5}},"type":"if","locations":[{"start":{"line":43,"column":4},"end":{"line":45,"column":5}},{"start":{},"end":{}}],"line":43}},"s":{"0":0,"1":0,"2":0,"3":0,"4":0,"5":0,"6":0,"7":0,"8":0,"9":0,"10":0,"11":0,"12":0,"13":0,"14":0,"15":0,"16":0,"17":0,"18":0,"19":0},"f":{"0":0,"1":0,"2":0,"3":0},"b":{"0":[0,0],"1":[0,0],"2":[0,0],"3":[0,0]}}
,"C:\\Users\\Anthony Wu\\Documents\\20240708-JAVA-SDET\\project1\\boardgameinventory-react\\src\\services\\orderApi.jsx": {"path":"C:\\Users\\Anthony Wu\\Documents\\20240708-JAVA-SDET\\project1\\boardgameinventory-react\\src\\services\\orderApi.jsx","statementMap":{"0":{"start":{"line":1,"column":22},"end":{"line":1,"column":116}},"1":{"start":{"line":4,"column":25},"end":{"line":10,"column":1}},"2":{"start":{"line":5,"column":21},"end":{"line":5,"column":47}},"3":{"start":{"line":6,"column":4},"end":{"line":8,"column":5}},"4":{"start":{"line":7,"column":8},"end":{"line":7,"column":55}},"5":{"start":{"line":9,"column":4},"end":{"line":9,"column":33}},"6":{"start":{"line":12,"column":27},"end":{"line":24,"column":1}},"7":{"start":{"line":13,"column":21},"end":{"line":19,"column":6}},"8":{"start":{"line":20,"column":4},"end":{"line":22,"column":5}},"9":{"start":{"line":21,"column":8},"end":{"line":21,"column":74}},"10":{"start":{"line":23,"column":4},"end":{"line":23,"column":33}}},"fnMap":{"0":{"name":"(anonymous_0)","decl":{"start":{"line":4,"column":25},"end":{"line":4,"column":26}},"loc":{"start":{"line":4,"column":37},"end":{"line":10,"column":1}},"line":4},"1":{"name":"(anonymous_1)","decl":{"start":{"line":12,"column":27},"end":{"line":12,"column":28}},"loc":{"start":{"line":12,"column":44},"end":{"line":24,"column":1}},"line":12}},"branchMap":{"0":{"loc":{"start":{"line":6,"column":4},"end":{"line":8,"column":5}},"type":"if","locations":[{"start":{"line":6,"column":4},"end":{"line":8,"column":5}},{"start":{},"end":{}}],"line":6},"1":{"loc":{"start":{"line":20,"column":4},"end":{"line":22,"column":5}},"type":"if","locations":[{"start":{"line":20,"column":4},"end":{"line":22,"column":5}},{"start":{},"end":{}}],"line":20}},"s":{"0":0,"1":0,"2":0,"3":0,"4":0,"5":0,"6":0,"7":0,"8":0,"9":0,"10":0},"f":{"0":0,"1":0},"b":{"0":[0,0],"1":[0,0]}}
,"C:\\Users\\Anthony Wu\\Documents\\20240708-JAVA-SDET\\project1\\boardgameinventory-react\\src\\services\\warehouseApi.jsx": {"path":"C:\\Users\\Anthony Wu\\Documents\\20240708-JAVA-SDET\\project1\\boardgameinventory-react\\src\\services\\warehouseApi.jsx","statementMap":{"0":{"start":{"line":1,"column":26},"end":{"line":1,"column":124}},"1":{"start":{"line":4,"column":29},"end":{"line":10,"column":1}},"2":{"start":{"line":5,"column":21},"end":{"line":5,"column":51}},"3":{"start":{"line":6,"column":4},"end":{"line":8,"column":5}},"4":{"start":{"line":7,"column":8},"end":{"line":7,"column":55}},"5":{"start":{"line":9,"column":4},"end":{"line":9,"column":33}},"6":{"start":{"line":13,"column":31},"end":{"line":25,"column":1}},"7":{"start":{"line":14,"column":21},"end":{"line":20,"column":6}},"8":{"start":{"line":21,"column":4},"end":{"line":23,"column":5}},"9":{"start":{"line":22,"column":8},"end":{"line":22,"column":55}},"10":{"start":{"line":24,"column":4},"end":{"line":24,"column":33}},"11":{"start":{"line":28,"column":31},"end":{"line":36,"column":1}},"12":{"start":{"line":29,"column":4},"end":{"line":29,"column":34}},"13":{"start":{"line":30,"column":21},"end":{"line":32,"column":6}},"14":{"start":{"line":33,"column":4},"end":{"line":35,"column":5}},"15":{"start":{"line":34,"column":8},"end":{"line":34,"column":55}}},"fnMap":{"0":{"name":"(anonymous_0)","decl":{"start":{"line":4,"column":29},"end":{"line":4,"column":30}},"loc":{"start":{"line":4,"column":39},"end":{"line":10,"column":1}},"line":4},"1":{"name":"(anonymous_1)","decl":{"start":{"line":13,"column":31},"end":{"line":13,"column":32}},"loc":{"start":{"line":13,"column":52},"end":{"line":25,"column":1}},"line":13},"2":{"name":"(anonymous_2)","decl":{"start":{"line":28,"column":31},"end":{"line":28,"column":32}},"loc":{"start":{"line":28,"column":45},"end":{"line":36,"column":1}},"line":28}},"branchMap":{"0":{"loc":{"start":{"line":6,"column":4},"end":{"line":8,"column":5}},"type":"if","locations":[{"start":{"line":6,"column":4},"end":{"line":8,"column":5}},{"start":{},"end":{}}],"line":6},"1":{"loc":{"start":{"line":21,"column":4},"end":{"line":23,"column":5}},"type":"if","locations":[{"start":{"line":21,"column":4},"end":{"line":23,"column":5}},{"start":{},"end":{}}],"line":21},"2":{"loc":{"start":{"line":33,"column":4},"end":{"line":35,"column":5}},"type":"if","locations":[{"start":{"line":33,"column":4},"end":{"line":35,"column":5}},{"start":{},"end":{}}],"line":33}},"s":{"0":0,"1":0,"2":0,"3":0,"4":0,"5":0,"6":0,"7":0,"8":0,"9":0,"10":0,"11":0,"12":0,"13":0,"14":0,"15":0},"f":{"0":0,"1":0,"2":0},"b":{"0":[0,0],"1":[0,0],"2":[0,0]}}
}
